#
# A fatal error has been detected by the Java Runtime Environment:
#
#  Internal Error (javaCalls.cpp:51), pid=20224, tid=0x0000000000004e24
#  guarantee(thread->is_Java_thread()) failed: crucial check - the VM thread cannot and must not escape to Java code
#
# JRE version: Java(TM) SE Runtime Environment (8.0_221-b11) (build 1.8.0_221-b11)
# Java VM: Java HotSpot(TM) 64-Bit Server VM (25.221-b11 mixed mode windows-amd64 compressed oops)
# Failed to write core dump. Minidumps are not enabled by default on client versions of Windows
#
# If you would like to submit a bug report, please visit:
#   http://bugreport.java.com/bugreport/crash.jsp
#

---------------  T H R E A D  ---------------

Current thread (0x0000000017eca000):  VMThread [stack: 0x0000000019bb0000,0x0000000019cb0000] [id=20004]

Stack: [0x0000000019bb0000,0x0000000019cb0000]
[error occurred during error reporting (printing stack bounds), id 0xc0000005]

Native frames: (J=compiled Java code, j=interpreted, Vv=VM code, C=native code)

VM_Operation (0x000000001aa0f350): GetOrSetLocal, mode: safepoint, requested by thread 0x0000000019de6800


---------------  P R O C E S S  ---------------

Java Threads: ( => current thread )
  0x000000001b266800 JavaThread "ReaderThread" [_thread_in_native, id=12820, stack(0x000000001ba10000,0x000000001bb10000)]
  0x0000000019f7c800 JavaThread "Service Thread" daemon [_thread_blocked, id=19040, stack(0x000000001b010000,0x000000001b110000)]
  0x0000000019eea800 JavaThread "C1 CompilerThread3" daemon [_thread_blocked, id=11908, stack(0x000000001af10000,0x000000001b010000)]
  0x0000000019ee8000 JavaThread "C2 CompilerThread2" daemon [_thread_blocked, id=20560, stack(0x000000001ae10000,0x000000001af10000)]
  0x0000000019ee7000 JavaThread "C2 CompilerThread1" daemon [_thread_blocked, id=14328, stack(0x000000001ad10000,0x000000001ae10000)]
  0x0000000019ee4800 JavaThread "C2 CompilerThread0" daemon [_thread_blocked, id=13564, stack(0x000000001ac10000,0x000000001ad10000)]
  0x0000000019dff800 JavaThread "JDWP Command Reader" daemon [_thread_in_native, id=21360, stack(0x000000001ab10000,0x000000001ac10000)]
  0x0000000019df2800 JavaThread "JDWP Event Helper Thread" daemon [_thread_blocked, id=20992, stack(0x000000001aa10000,0x000000001ab10000)]
  0x0000000019de6800 JavaThread "JDWP Transport Listener: dt_socket" daemon [_thread_blocked, id=2028, stack(0x000000001a910000,0x000000001aa10000)]
  0x0000000019dd8800 JavaThread "Attach Listener" daemon [_thread_blocked, id=9012, stack(0x000000001a4d0000,0x000000001a5d0000)]
  0x0000000019dd7800 JavaThread "Signal Dispatcher" daemon [_thread_blocked, id=7444, stack(0x000000001a3d0000,0x000000001a4d0000)]
  0x0000000017ed3800 JavaThread "Finalizer" daemon [_thread_blocked, id=12396, stack(0x000000001a1b0000,0x000000001a2b0000)]
  0x0000000017ecc800 JavaThread "Reference Handler" daemon [_thread_blocked, id=17800, stack(0x0000000019cb0000,0x0000000019db0000)]
  0x0000000002e53000 JavaThread "main" [_thread_blocked, id=13536, stack(0x0000000002bb0000,0x0000000002cb0000)]

Other Threads:
=>0x0000000017eca000 VMThread [stack: 0x0000000019bb0000,0x0000000019cb0000] [id=20004]
  0x000000001a068000 WatcherThread [stack: 0x000000001b110000,0x000000001b210000] [id=14640]

VM state:at safepoint (normal execution)

VM Mutex/Monitor currently owned by a thread:  ([mutex/lock_event])
[0x00000000013ce530] Threads_lock - owner thread: 0x0000000017eca000

heap address: 0x0000000081c00000, size: 2020 MB, Compressed Oops mode: 32-bit
Narrow klass base: 0x0000000000000000, Narrow klass shift: 3
Compressed class space size: 1073741824 Address: 0x0000000100000000

Heap:
 PSYoungGen      total 38400K, used 15375K [0x00000000d5f00000, 0x00000000d8980000, 0x0000000100000000)
  eden space 33280K, 46% used [0x00000000d5f00000,0x00000000d6e03fd0,0x00000000d7f80000)
  from space 5120K, 0% used [0x00000000d8480000,0x00000000d8480000,0x00000000d8980000)
  to   space 5120K, 0% used [0x00000000d7f80000,0x00000000d7f80000,0x00000000d8480000)
 ParOldGen       total 87552K, used 0K [0x0000000081c00000, 0x0000000087180000, 0x00000000d5f00000)
  object space 87552K, 0% used [0x0000000081c00000,0x0000000081c00000,0x0000000087180000)
 Metaspace       used 6788K, capacity 6900K, committed 7040K, reserved 1056768K
  class space    used 755K, capacity 790K, committed 896K, reserved 1048576K

Card table byte_map: [0x0000000012310000,0x0000000012710000] byte_map_base: 0x0000000011f02000

Marking Bits: (ParMarkBitMap*) 0x000000005e7a5ce0
 Begin Bits: [0x00000000131c0000, 0x0000000015150000)
 End Bits:   [0x0000000015150000, 0x00000000170e0000)

Polling page: 0x0000000001360000

CodeCache: size=245760Kb used=2844Kb max_used=2932Kb free=242915Kb
 bounds [0x0000000002f50000, 0x0000000003240000, 0x0000000011f50000]
 total_blobs=750 nmethods=444 adapters=227
 compilation: enabled

Compilation events (10 events):
Event: 158.815 Thread 0x0000000019eea800  440       3       org.eclipse.jdt.launching.internal.org.objectweb.asm.SymbolTable$Entry::<init> (20 bytes)
Event: 158.815 Thread 0x0000000019eea800 nmethod 440 0x00000000031d5d90 code [0x00000000031d5f00, 0x00000000031d60e8]
Event: 158.815 Thread 0x0000000019eea800  443       3       org.eclipse.jdt.launching.internal.org.objectweb.asm.SymbolTable$Entry::<init> (18 bytes)
Event: 158.815 Thread 0x0000000019eea800 nmethod 443 0x00000000031d5990 code [0x00000000031d5b00, 0x00000000031d5ce8]
Event: 158.815 Thread 0x0000000019eea800  441       3       org.eclipse.jdt.launching.internal.org.objectweb.asm.ClassReader::readVerificationTypeInfo (184 bytes)
Event: 158.816 Thread 0x0000000019eea800 nmethod 441 0x00000000031f7a10 code [0x00000000031f7ce0, 0x00000000031f9508]
Event: 158.817 Thread 0x0000000019eea800  444       3       org.eclipse.jdt.launching.internal.org.objectweb.asm.MethodWriter::visitFrame (787 bytes)
Event: 158.824 Thread 0x0000000019eea800 nmethod 444 0x00000000031f3a10 code [0x00000000031f3ec0, 0x00000000031f60a8]
Event: 158.824 Thread 0x0000000019eea800  442       3       org.eclipse.jdt.launching.internal.org.objectweb.asm.MethodWriter::putFrameType (83 bytes)
Event: 158.825 Thread 0x0000000019eea800 nmethod 442 0x00000000031d4a10 code [0x00000000031d4c20, 0x00000000031d5658]

GC Heap History (0 events):
No events

Deoptimization events (3 events):
Event: 0.500 Thread 0x0000000002e53000 Uncommon trap: reason=unstable_if action=reinterpret pc=0x00000000030d6920 method=org.eclipse.jdt.launching.internal.org.objectweb.asm.ClassReader.readUtf(II[C)Ljava/lang/String; @ 41
Event: 0.500 Thread 0x0000000002e53000 Uncommon trap: reason=unstable_if action=reinterpret pc=0x00000000030d90ac method=org.eclipse.jdt.launching.internal.org.objectweb.asm.ByteVector.putUTF8(Ljava/lang/String;)Lorg/eclipse/jdt/launching/internal/org/objectweb/asm/ByteVector; @ 100
Event: 0.559 Thread 0x0000000002e53000 Uncommon trap: reason=unstable_if action=reinterpret pc=0x00000000030dbfd0 method=java.lang.String.indexOf([CII[CIII)I @ 3

Classes redefined (8 events):
Event: 118.256 Thread 0x0000000017eca000 redefined class name=model.data_structures.HashSeparateChaining, count=1
Event: 118.258 Thread 0x0000000017eca000 redefined class name=model.data_structures.HashSeparateChaining$Node, count=1
Event: 153.663 Thread 0x0000000017eca000 redefined class name=model.data_structures.HashSeparateChaining, count=2
Event: 153.664 Thread 0x0000000017eca000 redefined class name=model.data_structures.HashSeparateChaining$Node, count=2
Event: 158.819 Thread 0x0000000017eca000 redefined class name=model.data_structures.HashSeparateChaining, count=3
Event: 158.821 Thread 0x0000000017eca000 redefined class name=model.data_structures.HashSeparateChaining$Node, count=3
Event: 173.380 Thread 0x0000000017eca000 redefined class name=model.data_structures.HashSeparateChaining, count=4
Event: 173.383 Thread 0x0000000017eca000 redefined class name=model.data_structures.HashSeparateChaining$Node, count=4

Internal exceptions (6 events):
Event: 0.039 Thread 0x0000000002e53000 Exception <a 'java/lang/NoSuchMethodError': Method sun.misc.Unsafe.defineClass(Ljava/lang/String;[BII)Ljava/lang/Class; name or signature does not match> (0x00000000d5f07cb8) thrown at [C:\re\workspace\8-2-build-windows-amd64-cygwin\jdk8u221\13320\hotspot
Event: 0.039 Thread 0x0000000002e53000 Exception <a 'java/lang/NoSuchMethodError': Method sun.misc.Unsafe.prefetchRead(Ljava/lang/Object;J)V name or signature does not match> (0x00000000d5f07fa0) thrown at [C:\re\workspace\8-2-build-windows-amd64-cygwin\jdk8u221\13320\hotspot\src\share\vm\prim
Event: 0.650 Thread 0x0000000002e53000 Exception <a 'java/security/PrivilegedActionException'> (0x00000000d6befb28) thrown at [C:\re\workspace\8-2-build-windows-amd64-cygwin\jdk8u221\13320\hotspot\src\share\vm\prims\jvm.cpp, line 1502]
Event: 0.650 Thread 0x0000000002e53000 Exception <a 'java/security/PrivilegedActionException'> (0x00000000d6beff20) thrown at [C:\re\workspace\8-2-build-windows-amd64-cygwin\jdk8u221\13320\hotspot\src\share\vm\prims\jvm.cpp, line 1502]
Event: 0.650 Thread 0x0000000002e53000 Exception <a 'java/security/PrivilegedActionException'> (0x00000000d6bf3f60) thrown at [C:\re\workspace\8-2-build-windows-amd64-cygwin\jdk8u221\13320\hotspot\src\share\vm\prims\jvm.cpp, line 1502]
Event: 0.650 Thread 0x0000000002e53000 Exception <a 'java/security/PrivilegedActionException'> (0x00000000d6bf4358) thrown at [C:\re\workspace\8-2-build-windows-amd64-cygwin\jdk8u221\13320\hotspot\src\share\vm\prims\jvm.cpp, line 1502]

Events (10 events):
Event: 173.390 Executing VM operation: ChangeBreakpoints done
Event: 173.394 Executing VM operation: ChangeBreakpoints
Event: 173.394 Executing VM operation: ChangeBreakpoints done
Event: 173.398 Executing VM operation: ChangeBreakpoints
Event: 173.398 Executing VM operation: ChangeBreakpoints done
Event: 173.616 Executing VM operation: GetOwnedMonitorInfo
Event: 173.616 Executing VM operation: GetOwnedMonitorInfo done
Event: 173.617 Executing VM operation: GetCurrentContendedMonitor
Event: 173.617 Executing VM operation: GetCurrentContendedMonitor done
Event: 173.624 Executing VM operation: GetOrSetLocal


Dynamic libraries:
0x00007ff6bfa00000 - 0x00007ff6bfa37000 	C:\Program Files\Java\jre1.8.0_221\bin\javaw.exe
0x00007ffcb3c40000 - 0x00007ffcb3e30000 	C:\WINDOWS\SYSTEM32\ntdll.dll
0x00007ffcb2080000 - 0x00007ffcb2132000 	C:\WINDOWS\System32\KERNEL32.DLL
0x00007ffcb16a0000 - 0x00007ffcb1943000 	C:\WINDOWS\System32\KERNELBASE.dll
0x00007ffcb1fd0000 - 0x00007ffcb2073000 	C:\WINDOWS\System32\ADVAPI32.dll
0x00007ffcb37a0000 - 0x00007ffcb383e000 	C:\WINDOWS\System32\msvcrt.dll
0x00007ffcb34c0000 - 0x00007ffcb3557000 	C:\WINDOWS\System32\sechost.dll
0x00007ffcb1cf0000 - 0x00007ffcb1e10000 	C:\WINDOWS\System32\RPCRT4.dll
0x00007ffcb38a0000 - 0x00007ffcb3a34000 	C:\WINDOWS\System32\USER32.dll
0x00007ffcb1350000 - 0x00007ffcb1371000 	C:\WINDOWS\System32\win32u.dll
0x00007ffcb2b50000 - 0x00007ffcb2b76000 	C:\WINDOWS\System32\GDI32.dll
0x00007ffcb14d0000 - 0x00007ffcb1664000 	C:\WINDOWS\System32\gdi32full.dll
0x00007ffcb1c50000 - 0x00007ffcb1cee000 	C:\WINDOWS\System32\msvcp_win.dll
0x00007ffcb1a80000 - 0x00007ffcb1b7a000 	C:\WINDOWS\System32\ucrtbase.dll
0x00007ffc9ded0000 - 0x00007ffc9e155000 	C:\WINDOWS\WinSxS\amd64_microsoft.windows.common-controls_6595b64144ccf1df_6.0.18362.720_none_e6beb5c51314836b\COMCTL32.dll
0x00007ffcb2140000 - 0x00007ffcb2476000 	C:\WINDOWS\System32\combase.dll
0x00007ffcb19a0000 - 0x00007ffcb1a20000 	C:\WINDOWS\System32\bcryptPrimitives.dll
0x00007ffcb29a0000 - 0x00007ffcb29ce000 	C:\WINDOWS\System32\IMM32.DLL
0x000000005f280000 - 0x000000005f352000 	C:\Program Files\Java\jre1.8.0_221\bin\msvcr100.dll
0x000000005df80000 - 0x000000005e825000 	C:\Program Files\Java\jre1.8.0_221\bin\server\jvm.dll
0x00007ffcb3bf0000 - 0x00007ffcb3bf8000 	C:\WINDOWS\System32\PSAPI.DLL
0x00007ffca7290000 - 0x00007ffca729a000 	C:\WINDOWS\SYSTEM32\VERSION.dll
0x00007ffc9e6f0000 - 0x00007ffc9e6f9000 	C:\WINDOWS\SYSTEM32\WSOCK32.dll
0x00007ffcaea80000 - 0x00007ffcaeaa4000 	C:\WINDOWS\SYSTEM32\WINMM.dll
0x00007ffcb33d0000 - 0x00007ffcb343f000 	C:\WINDOWS\System32\WS2_32.dll
0x00007ffcae5d0000 - 0x00007ffcae5fd000 	C:\WINDOWS\SYSTEM32\winmmbase.dll
0x00007ffcb1950000 - 0x00007ffcb199a000 	C:\WINDOWS\System32\cfgmgr32.dll
0x00007ffcaeb70000 - 0x00007ffcaeb7f000 	C:\Program Files\Java\jre1.8.0_221\bin\verify.dll
0x00007ffca1210000 - 0x00007ffca1239000 	C:\Program Files\Java\jre1.8.0_221\bin\java.dll
0x00007ffc986b0000 - 0x00007ffc986e5000 	C:\Program Files\Java\jre1.8.0_221\bin\jdwp.dll
0x00007ffca6f90000 - 0x00007ffca6f98000 	C:\Program Files\Java\jre1.8.0_221\bin\npt.dll
0x00007ffca5650000 - 0x00007ffca5673000 	C:\Program Files\Java\jre1.8.0_221\bin\instrument.dll
0x00007ffca6b90000 - 0x00007ffca6ba6000 	C:\Program Files\Java\jre1.8.0_221\bin\zip.dll
0x00007ffcb2b80000 - 0x00007ffcb3265000 	C:\WINDOWS\System32\SHELL32.dll
0x00007ffcb28f0000 - 0x00007ffcb2999000 	C:\WINDOWS\System32\shcore.dll
0x00007ffcb0bd0000 - 0x00007ffcb1350000 	C:\WINDOWS\System32\windows.storage.dll
0x00007ffcb0b10000 - 0x00007ffcb0b33000 	C:\WINDOWS\System32\profapi.dll
0x00007ffcb0b60000 - 0x00007ffcb0baa000 	C:\WINDOWS\System32\powrprof.dll
0x00007ffcb0b00000 - 0x00007ffcb0b10000 	C:\WINDOWS\System32\UMPDC.dll
0x00007ffcb1e10000 - 0x00007ffcb1e62000 	C:\WINDOWS\System32\shlwapi.dll
0x00007ffcb0bb0000 - 0x00007ffcb0bc1000 	C:\WINDOWS\System32\kernel.appcore.dll
0x00007ffcb1b80000 - 0x00007ffcb1b97000 	C:\WINDOWS\System32\cryptsp.dll
0x00007ffca6a10000 - 0x00007ffca6a19000 	C:\Program Files\Java\jre1.8.0_221\bin\dt_socket.dll
0x00007ffca8210000 - 0x00007ffca8226000 	C:\WINDOWS\system32\napinsp.dll
0x00007ffca6ec0000 - 0x00007ffca6eda000 	C:\WINDOWS\system32\pnrpnsp.dll
0x00007ffcb0310000 - 0x00007ffcb0377000 	C:\WINDOWS\System32\mswsock.dll
0x00007ffcb0060000 - 0x00007ffcb012a000 	C:\WINDOWS\SYSTEM32\DNSAPI.dll
0x00007ffcb3270000 - 0x00007ffcb3278000 	C:\WINDOWS\System32\NSI.dll
0x00007ffcb0020000 - 0x00007ffcb005a000 	C:\WINDOWS\SYSTEM32\IPHLPAPI.DLL
0x00007ffcaabb0000 - 0x00007ffcaabbe000 	C:\WINDOWS\System32\winrnr.dll
0x00007ffcaba90000 - 0x00007ffcabaac000 	C:\WINDOWS\system32\NLAapi.dll
0x00007ffcabab0000 - 0x00007ffcabac5000 	C:\WINDOWS\system32\wshbth.dll
0x00007ffca8b80000 - 0x00007ffca8bf7000 	C:\WINDOWS\System32\fwpuclnt.dll
0x00007ffcb1670000 - 0x00007ffcb1696000 	C:\WINDOWS\System32\bcrypt.dll
0x00007ffc9fe80000 - 0x00007ffc9fe8a000 	C:\Windows\System32\rasadhlp.dll
0x00007ffca69f0000 - 0x00007ffca6a0a000 	C:\Program Files\Java\jre1.8.0_221\bin\net.dll
0x00007ffca0210000 - 0x00007ffca03e5000 	C:\WINDOWS\SYSTEM32\urlmon.dll
0x00007ffca0f50000 - 0x00007ffca11f6000 	C:\WINDOWS\SYSTEM32\iertutil.dll
0x00007ffcb04e0000 - 0x00007ffcb04ec000 	C:\WINDOWS\SYSTEM32\CRYPTBASE.DLL

VM Arguments:
jvm_args: -agentlib:jdwp=transport=dt_socket,suspend=y,address=localhost:51855 -ea -javaagent:C:\Users\ASUS\eclipse\java-2019-06\eclipse\configuration\org.eclipse.osgi\226\0\.cp\lib\javaagent-shaded.jar -Dfile.encoding=Cp1252 
java_command: org.eclipse.jdt.internal.junit.runner.RemoteTestRunner -version 3 -port 51854 -testLoaderClass org.eclipse.jdt.internal.junit4.runner.JUnit4TestLoader -loaderpluginname org.eclipse.jdt.junit4.runtime -classNames test.data_structures.TestSeparateChaining
java_class_path (initial): C:\Users\ASUS\Desktop\T5_202010\bin;C:\Users\ASUS\.p2\pool\plugins\org.junit_4.12.0.v201504281640\junit.jar;C:\Users\ASUS\.p2\pool\plugins\org.hamcrest.core_1.3.0.v20180420-1519.jar;C:\Users\ASUS\Desktop\T5_202010\lib\gson-2.8.6.jar;C:\Users\ASUS\eclipse\java-2019-06\eclipse\configuration\org.eclipse.osgi\224\0\.cp;C:\Users\ASUS\eclipse\java-2019-06\eclipse\configuration\org.eclipse.osgi\223\0\.cp;C:\Users\ASUS\eclipse\java-2019-06\eclipse\configuration\org.eclipse.osgi\226\0\.cp\lib\javaagent-shaded.jar
Launcher Type: SUN_STANDARD

Environment Variables:
PATH=C:/Program Files/Java/jre1.8.0_221/bin/server;C:/Program Files/Java/jre1.8.0_221/bin;C:/Program Files/Java/jre1.8.0_221/lib/amd64;C:\Program Files (x86)\Common Files\Oracle\Java\javapath;C:\Program Files (x86)\Intel\Intel(R) Management Engine Components\iCLS\;C:\Program Files\Intel\Intel(R) Management Engine Components\iCLS\;C:\Windows\system32;C:\Windows;C:\Windows\System32\Wbem;C:\Windows\System32\WindowsPowerShell\v1.0\;C:\Windows\System32\OpenSSH\;C:\Program Files (x86)\Intel\Intel(R) Management Engine Components\DAL;C:\Program Files\Intel\Intel(R) Management Engine Components\DAL;C:\Program Files\NVIDIA Corporation\NVIDIA NvDLISR;C:\Program Files (x86)\NVIDIA Corporation\PhysX\Common;C:\WINDOWS\system32;C:\WINDOWS;C:\WINDOWS\System32\Wbem;C:\WINDOWS\System32\WindowsPowerShell\v1.0\;C:\WINDOWS\System32\OpenSSH\;C:\Program Files\Git\cmd;C:\Users\ASUS\AppData\Local\Programs\Python\Python38-32\Scripts\;C:\Users\ASUS\AppData\Local\Programs\Python\Python38-32\;C:\Users\ASUS\AppData\Local\Microsoft\WindowsApps;;C:\WINDOWS\System32;
USERNAME=ASUS
OS=Windows_NT
PROCESSOR_IDENTIFIER=Intel64 Family 6 Model 142 Stepping 10, GenuineIntel



---------------  S Y S T E M  ---------------

OS: Windows 10.0 , 64 bit Build 18362 (10.0.18362.329)

CPU:total 8 (initial active 8) (4 cores per cpu, 2 threads per core) family 6 model 142 stepping 10, cmov, cx8, fxsr, mmx, sse, sse2, sse3, ssse3, sse4.1, sse4.2, popcnt, avx, avx2, aes, clmul, erms, 3dnowpref, lzcnt, ht, tsc, tscinvbit, bmi1, bmi2, adx

Memory: 4k page, physical 8272436k(1877976k free), swap 14165808k(3847364k free)

vm_info: Java HotSpot(TM) 64-Bit Server VM (25.221-b11) for windows-amd64 JRE (1.8.0_221-b11), built on Jul  4 2019 04:39:29 by "java_re" with MS VC++ 10.0 (VS2010)

time: Thu Mar 26 11:19:10 2020
timezone: Hora est. Pacífico, Sudamérica
elapsed time: 173 seconds (0d 0h 2m 53s)

